  ModelLoading.cpp
LINK : warning LNK4098: defaultlib 'LIBCMT' conflicts with use of other libs; use /NODEFAULTLIB:library
LINK : warning LNK4217: symbol '__glewBindBuffer' defined in 'glew32s.lib(glew.obj)' is imported by 'IndexBuffer.obj' in function '"public: __cdecl IndexBuffer::IndexBuffer(unsigned int const *,unsigned int)" (??0IndexBuffer@@QEAA@PEBII@Z)'
LINK : warning LNK4286: symbol '__glewBindBuffer' defined in 'glew32s.lib(glew.obj)' is imported by 'Mesh.obj'
LINK : warning LNK4286: symbol '__glewBindBuffer' defined in 'glew32s.lib(glew.obj)' is imported by 'VertexBuffer.obj'
LINK : warning LNK4217: symbol '__glewBufferData' defined in 'glew32s.lib(glew.obj)' is imported by 'IndexBuffer.obj' in function '"public: __cdecl IndexBuffer::IndexBuffer(unsigned int const *,unsigned int)" (??0IndexBuffer@@QEAA@PEBII@Z)'
LINK : warning LNK4286: symbol '__glewBufferData' defined in 'glew32s.lib(glew.obj)' is imported by 'Mesh.obj'
LINK : warning LNK4217: symbol '__glewBufferData' defined in 'glew32s.lib(glew.obj)' is imported by 'VertexBuffer.obj' in function '"public: __cdecl VertexBuffer::VertexBuffer(void const *,unsigned int)" (??0VertexBuffer@@QEAA@PEBXI@Z)'
LINK : warning LNK4217: symbol '__glewDeleteBuffers' defined in 'glew32s.lib(glew.obj)' is imported by 'IndexBuffer.obj' in function '"public: __cdecl IndexBuffer::~IndexBuffer(void)" (??1IndexBuffer@@QEAA@XZ)'
LINK : warning LNK4217: symbol '__glewDeleteBuffers' defined in 'glew32s.lib(glew.obj)' is imported by 'VertexBuffer.obj' in function '"public: __cdecl VertexBuffer::VertexBuffer(void const *,unsigned int)" (??0VertexBuffer@@QEAA@PEBXI@Z)'
LINK : warning LNK4217: symbol '__glewGenBuffers' defined in 'glew32s.lib(glew.obj)' is imported by 'IndexBuffer.obj' in function '"public: __cdecl IndexBuffer::IndexBuffer(unsigned int const *,unsigned int)" (??0IndexBuffer@@QEAA@PEBII@Z)'
LINK : warning LNK4286: symbol '__glewGenBuffers' defined in 'glew32s.lib(glew.obj)' is imported by 'Mesh.obj'
LINK : warning LNK4217: symbol '__glewGenBuffers' defined in 'glew32s.lib(glew.obj)' is imported by 'VertexBuffer.obj' in function '"public: __cdecl VertexBuffer::~VertexBuffer(void)" (??1VertexBuffer@@QEAA@XZ)'
LINK : warning LNK4217: symbol '__glewEnableVertexAttribArray' defined in 'glew32s.lib(glew.obj)' is imported by 'Mesh.obj' in function '"public: void __cdecl Mesh::Draw(class Shader &)" (?Draw@Mesh@@QEAAXAEAVShader@@@Z)'
LINK : warning LNK4286: symbol '__glewEnableVertexAttribArray' defined in 'glew32s.lib(glew.obj)' is imported by 'VertexArray.obj'
LINK : warning LNK4217: symbol '__glewVertexAttribPointer' defined in 'glew32s.lib(glew.obj)' is imported by 'Mesh.obj' in function '"public: void __cdecl Mesh::Draw(class Shader &)" (?Draw@Mesh@@QEAAXAEAVShader@@@Z)'
LINK : warning LNK4286: symbol '__glewVertexAttribPointer' defined in 'glew32s.lib(glew.obj)' is imported by 'VertexArray.obj'
LINK : warning LNK4217: symbol '__glewBindVertexArray' defined in 'glew32s.lib(glew.obj)' is imported by 'Mesh.obj' in function '"public: void __cdecl Mesh::Draw(class Shader &)" (?Draw@Mesh@@QEAAXAEAVShader@@@Z)'
LINK : warning LNK4286: symbol '__glewBindVertexArray' defined in 'glew32s.lib(glew.obj)' is imported by 'VertexArray.obj'
LINK : warning LNK4217: symbol '__glewGenVertexArrays' defined in 'glew32s.lib(glew.obj)' is imported by 'Mesh.obj' in function '"public: void __cdecl Mesh::Draw(class Shader &)" (?Draw@Mesh@@QEAAXAEAVShader@@@Z)'
LINK : warning LNK4286: symbol '__glewGenVertexArrays' defined in 'glew32s.lib(glew.obj)' is imported by 'VertexArray.obj'
LINK : warning LNK4217: symbol '__glewAttachShader' defined in 'glew32s.lib(glew.obj)' is imported by 'Shader.obj' in function '"private: unsigned int __cdecl Shader::CreateShader(class std::basic_string<char,struct std::char_traits<char>,class std::allocator<char> > const &,class std::basic_string<char,struct std::char_traits<char>,class std::allocator<char> > const &)" (?CreateShader@Shader@@AEAAIAEBV?$basic_string@DU?$char_traits@D@std@@V?$allocator@D@2@@std@@0@Z)'
LINK : warning LNK4217: symbol '__glewCompileShader' defined in 'glew32s.lib(glew.obj)' is imported by 'Shader.obj' in function '"private: unsigned int __cdecl Shader::CompileShader(unsigned int,class std::basic_string<char,struct std::char_traits<char>,class std::allocator<char> > const &)" (?CompileShader@Shader@@AEAAIIAEBV?$basic_string@DU?$char_traits@D@std@@V?$allocator@D@2@@std@@@Z)'
LINK : warning LNK4217: symbol '__glewCreateProgram' defined in 'glew32s.lib(glew.obj)' is imported by 'Shader.obj' in function '"private: unsigned int __cdecl Shader::CreateShader(class std::basic_string<char,struct std::char_traits<char>,class std::allocator<char> > const &,class std::basic_string<char,struct std::char_traits<char>,class std::allocator<char> > const &)" (?CreateShader@Shader@@AEAAIAEBV?$basic_string@DU?$char_traits@D@std@@V?$allocator@D@2@@std@@0@Z)'
LINK : warning LNK4217: symbol '__glewCreateShader' defined in 'glew32s.lib(glew.obj)' is imported by 'Shader.obj' in function '"private: unsigned int __cdecl Shader::CompileShader(unsigned int,class std::basic_string<char,struct std::char_traits<char>,class std::allocator<char> > const &)" (?CompileShader@Shader@@AEAAIIAEBV?$basic_string@DU?$char_traits@D@std@@V?$allocator@D@2@@std@@@Z)'
LINK : warning LNK4217: symbol '__glewDeleteProgram' defined in 'glew32s.lib(glew.obj)' is imported by 'Shader.obj' in function '"public: __cdecl Shader::~Shader(void)" (??1Shader@@QEAA@XZ)'
LINK : warning LNK4217: symbol '__glewDeleteShader' defined in 'glew32s.lib(glew.obj)' is imported by 'Shader.obj' in function '"private: unsigned int __cdecl Shader::CompileShader(unsigned int,class std::basic_string<char,struct std::char_traits<char>,class std::allocator<char> > const &)" (?CompileShader@Shader@@AEAAIIAEBV?$basic_string@DU?$char_traits@D@std@@V?$allocator@D@2@@std@@@Z)'
LINK : warning LNK4217: symbol '__glewGetShaderInfoLog' defined in 'glew32s.lib(glew.obj)' is imported by 'Shader.obj' in function '"private: unsigned int __cdecl Shader::CompileShader(unsigned int,class std::basic_string<char,struct std::char_traits<char>,class std::allocator<char> > const &)" (?CompileShader@Shader@@AEAAIIAEBV?$basic_string@DU?$char_traits@D@std@@V?$allocator@D@2@@std@@@Z)'
LINK : warning LNK4217: symbol '__glewGetShaderiv' defined in 'glew32s.lib(glew.obj)' is imported by 'Shader.obj' in function '"private: unsigned int __cdecl Shader::CompileShader(unsigned int,class std::basic_string<char,struct std::char_traits<char>,class std::allocator<char> > const &)" (?CompileShader@Shader@@AEAAIIAEBV?$basic_string@DU?$char_traits@D@std@@V?$allocator@D@2@@std@@@Z)'
LINK : warning LNK4217: symbol '__glewGetUniformLocation' defined in 'glew32s.lib(glew.obj)' is imported by 'Shader.obj' in function '"private: unsigned int __cdecl Shader::GetUniformLocation(class std::basic_string<char,struct std::char_traits<char>,class std::allocator<char> > const &)" (?GetUniformLocation@Shader@@AEAAIAEBV?$basic_string@DU?$char_traits@D@std@@V?$allocator@D@2@@std@@@Z)'
LINK : warning LNK4217: symbol '__glewLinkProgram' defined in 'glew32s.lib(glew.obj)' is imported by 'Shader.obj' in function '"private: unsigned int __cdecl Shader::CreateShader(class std::basic_string<char,struct std::char_traits<char>,class std::allocator<char> > const &,class std::basic_string<char,struct std::char_traits<char>,class std::allocator<char> > const &)" (?CreateShader@Shader@@AEAAIAEBV?$basic_string@DU?$char_traits@D@std@@V?$allocator@D@2@@std@@0@Z)'
LINK : warning LNK4217: symbol '__glewShaderSource' defined in 'glew32s.lib(glew.obj)' is imported by 'Shader.obj' in function '"private: unsigned int __cdecl Shader::CompileShader(unsigned int,class std::basic_string<char,struct std::char_traits<char>,class std::allocator<char> > const &)" (?CompileShader@Shader@@AEAAIIAEBV?$basic_string@DU?$char_traits@D@std@@V?$allocator@D@2@@std@@@Z)'
LINK : warning LNK4217: symbol '__glewUniform1f' defined in 'glew32s.lib(glew.obj)' is imported by 'Shader.obj' in function '"public: void __cdecl Shader::SetUniform1f(class std::basic_string<char,struct std::char_traits<char>,class std::allocator<char> > const &,float)" (?SetUniform1f@Shader@@QEAAXAEBV?$basic_string@DU?$char_traits@D@std@@V?$allocator@D@2@@std@@M@Z)'
LINK : warning LNK4217: symbol '__glewUniform1i' defined in 'glew32s.lib(glew.obj)' is imported by 'Shader.obj' in function '"public: void __cdecl Shader::SetUniform1i(class std::basic_string<char,struct std::char_traits<char>,class std::allocator<char> > const &,int)" (?SetUniform1i@Shader@@QEAAXAEBV?$basic_string@DU?$char_traits@D@std@@V?$allocator@D@2@@std@@H@Z)'
LINK : warning LNK4217: symbol '__glewUniform4f' defined in 'glew32s.lib(glew.obj)' is imported by 'Shader.obj' in function '"public: void __cdecl Shader::SetUniform4f(class std::basic_string<char,struct std::char_traits<char>,class std::allocator<char> > const &,float,float,float,float)" (?SetUniform4f@Shader@@QEAAXAEBV?$basic_string@DU?$char_traits@D@std@@V?$allocator@D@2@@std@@MMMM@Z)'
LINK : warning LNK4217: symbol '__glewUniformMatrix4fv' defined in 'glew32s.lib(glew.obj)' is imported by 'Shader.obj' in function '"public: void __cdecl Shader::SetUniformMat4(class std::basic_string<char,struct std::char_traits<char>,class std::allocator<char> > const &,struct glm::mat<4,4,float,0>)" (?SetUniformMat4@Shader@@QEAAXAEBV?$basic_string@DU?$char_traits@D@std@@V?$allocator@D@2@@std@@U?$mat@$03$03M$0A@@glm@@@Z)'
LINK : warning LNK4217: symbol '__glewUseProgram' defined in 'glew32s.lib(glew.obj)' is imported by 'Shader.obj' in function '"public: void __cdecl Shader::Bind(void)const " (?Bind@Shader@@QEBAXXZ)'
LINK : warning LNK4217: symbol '__glewValidateProgram' defined in 'glew32s.lib(glew.obj)' is imported by 'Shader.obj' in function '"private: unsigned int __cdecl Shader::CreateShader(class std::basic_string<char,struct std::char_traits<char>,class std::allocator<char> > const &,class std::basic_string<char,struct std::char_traits<char>,class std::allocator<char> > const &)" (?CreateShader@Shader@@AEAAIAEBV?$basic_string@DU?$char_traits@D@std@@V?$allocator@D@2@@std@@0@Z)'
LINK : warning LNK4217: symbol '__glewActiveTexture' defined in 'glew32s.lib(glew.obj)' is imported by 'Texture.obj' in function '"public: void __cdecl Texture::Bind(unsigned int)const " (?Bind@Texture@@QEBAXI@Z)'
LINK : warning LNK4217: symbol '__glewDeleteVertexArrays' defined in 'glew32s.lib(glew.obj)' is imported by 'VertexArray.obj' in function '"public: __cdecl VertexArray::~VertexArray(void)" (??1VertexArray@@QEAA@XZ)'
glew32s.lib(glew.obj) : warning LNK4099: PDB 'vc120.pdb' was not found with 'glew32s.lib(glew.obj)' or at 'C:\VisualStudio_Projects\Cherno\Cherno2D\x64\Debug\vc120.pdb'; linking object as if no debug info
  Cherno2D.vcxproj -> C:\VisualStudio_Projects\Cherno\Cherno2D\x64\Debug\Cherno2D.exe
